[debug] [2022-05-12T13:33:14.029Z] ----------------------------------------------------------------------
[debug] [2022-05-12T13:33:14.031Z] Command:       C:\Program Files\nodejs\node.exe C:\Users\lelic\AppData\Roaming\npm\node_modules\firebase-tools\lib\bin\firebase.js init
[debug] [2022-05-12T13:33:14.032Z] CLI Version:   10.8.0
[debug] [2022-05-12T13:33:14.032Z] Platform:      win32
[debug] [2022-05-12T13:33:14.032Z] Node Version:  v16.13.1
[debug] [2022-05-12T13:33:14.034Z] Time:          Thu May 12 2022 15:33:14 GMT+0200 (Восточная Европа, стандартное время)
[debug] [2022-05-12T13:33:14.034Z] ----------------------------------------------------------------------
[debug] 
[debug] [2022-05-12T13:33:14.123Z] > command requires scopes: ["email","openid","https://www.googleapis.com/auth/cloudplatformprojects.readonly","https://www.googleapis.com/auth/firebase","https://www.googleapis.com/auth/cloud-platform"]
[debug] [2022-05-12T13:33:14.123Z] > authorizing via signed-in user (lelicakau@gmail.com)
[info] 
     ######## #### ########  ######## ########     ###     ######  ########
     ##        ##  ##     ## ##       ##     ##  ##   ##  ##       ##
     ######    ##  ########  ######   ########  #########  ######  ######
     ##        ##  ##    ##  ##       ##     ## ##     ##       ## ##
     ##       #### ##     ## ######## ########  ##     ##  ######  ########

You're about to initialize a Firebase project in this directory:

  C:\Users\lelic\Desktop\my-app

Before we get started, keep in mind:

  * You are initializing within an existing Firebase project directory

[info] 
=== Project Setup
[info] 
[info] First, let's associate this project directory with a Firebase project.
[info] You can create multiple project aliases by running firebase use --add, 
[info] but for now we'll just set up a default project.
[info] 
[debug] [2022-05-12T13:33:33.948Z] Using project from CLI flag: learn-english-78290
[debug] [2022-05-12T13:33:33.953Z] >>> [apiv2][query] GET https://firebase.googleapis.com/v1beta1/projects/learn-english-78290 [none]
[debug] [2022-05-12T13:33:34.374Z] <<< [apiv2][status] GET https://firebase.googleapis.com/v1beta1/projects/learn-english-78290 403
[debug] [2022-05-12T13:33:34.374Z] <<< [apiv2][body] GET https://firebase.googleapis.com/v1beta1/projects/learn-english-78290 {"error":{"code":403,"message":"The caller does not have permission","status":"PERMISSION_DENIED"}}
[debug] [2022-05-12T13:33:34.375Z] HTTP Error: 403, The caller does not have permission
[debug] [2022-05-12T13:33:34.519Z] FirebaseError: HTTP Error: 403, The caller does not have permission
    at module.exports (C:\Users\lelic\AppData\Roaming\npm\node_modules\firebase-tools\lib\responseToError.js:47:12)
    at RetryOperation._fn (C:\Users\lelic\AppData\Roaming\npm\node_modules\firebase-tools\lib\apiv2.js:286:39)
    at processTicksAndRejections (node:internal/process/task_queues:96:5)
[error] 
[error] Error: Failed to get Firebase project learn-english-78290. Please make sure the project exists and your account has permission to access it.
